# JRE version: OpenJDK Runtime Environment (17.0.6) (build 17.0.6+0-b2043.56-10027231)
# Java VM: OpenJDK 64-Bit Server VM (17.0.6+0-b2043.56-10027231, mixed mode, tiered, compressed oops, compressed class ptrs, g1 gc, windows-amd64)
GC Precious Log:
 CPUs: 8 total, 8 available
 Memory: 16251M
 Large Page Support: Disabled
 NUMA Support: Disabled
 Compressed Oops: Enabled (32-bit)
 Heap Region Size: 1M
 Heap Min Capacity: 8M
 Heap Initial Capacity: 254M
 Heap Max Capacity: 2G
 Pre-touch: Disabled
 Parallel Workers: 8
 Concurrent Workers: 2
 Concurrent Refinement Workers: 8
 Periodic GC: Disabled
Heap:
 garbage-first heap   total 430080K, used 211828K [0x0000000080000000, 0x0000000100000000)
  region size 1024K, 15 young (15360K), 15 survivors (15360K)
 Metaspace       used 100976K, committed 101696K, reserved 1138688K
  class space    used 14231K, committed 14592K, reserved 1048576K
GC Heap History (20 events):
Event: 8.235 GC heap after
{Heap after GC invocations=27 (full 0):
 garbage-first heap   total 167936K, used 80921K [0x0000000080000000, 0x0000000100000000)
  region size 1024K, 1 young (1024K), 1 survivors (1024K)
 Metaspace       used 85250K, committed 85824K, reserved 1130496K
  class space    used 11787K, committed 12032K, reserved 1048576K
}
Event: 8.603 GC heap before
{Heap before GC invocations=27 (full 0):
 garbage-first heap   total 167936K, used 133145K [0x0000000080000000, 0x0000000100000000)
  region size 1024K, 53 young (54272K), 1 survivors (1024K)
 Metaspace       used 85793K, committed 86400K, reserved 1130496K
  class space    used 11812K, committed 12096K, reserved 1048576K
}
Event: 8.607 GC heap after
{Heap after GC invocations=28 (full 0):
 garbage-first heap   total 167936K, used 84559K [0x0000000080000000, 0x0000000100000000)
  region size 1024K, 5 young (5120K), 5 survivors (5120K)
 Metaspace       used 85793K, committed 86400K, reserved 1130496K
  class space    used 11812K, committed 12096K, reserved 1048576K
}
Event: 8.962 GC heap before
{Heap before GC invocations=29 (full 0):
 garbage-first heap   total 167936K, used 133711K [0x0000000080000000, 0x0000000100000000)
  region size 1024K, 54 young (55296K), 5 survivors (5120K)
 Metaspace       used 86164K, committed 86784K, reserved 1130496K
  class space    used 11818K, committed 12096K, reserved 1048576K
}
Event: 8.966 GC heap after
{Heap after GC invocations=30 (full 0):
 garbage-first heap   total 167936K, used 87819K [0x0000000080000000, 0x0000000100000000)
  region size 1024K, 4 young (4096K), 4 survivors (4096K)
 Metaspace       used 86164K, committed 86784K, reserved 1130496K
  class space    used 11818K, committed 12096K, reserved 1048576K
}
Event: 8.985 GC heap before
{Heap before GC invocations=30 (full 0):
 garbage-first heap   total 167936K, used 91915K [0x0000000080000000, 0x0000000100000000)
  region size 1024K, 8 young (8192K), 4 survivors (4096K)
 Metaspace       used 86173K, committed 86784K, reserved 1130496K
  class space    used 11818K, committed 12096K, reserved 1048576K
}
Event: 8.988 GC heap after
{Heap after GC invocations=31 (full 0):
 garbage-first heap   total 167936K, used 88176K [0x0000000080000000, 0x0000000100000000)
  region size 1024K, 1 young (1024K), 1 survivors (1024K)
 Metaspace       used 86173K, committed 86784K, reserved 1130496K
  class space    used 11818K, committed 12096K, reserved 1048576K
}
Event: 9.162 GC heap before
{Heap before GC invocations=31 (full 0):
 garbage-first heap   total 167936K, used 136304K [0x0000000080000000, 0x0000000100000000)
  region size 1024K, 49 young (50176K), 1 survivors (1024K)
 Metaspace       used 87474K, committed 88128K, reserved 1130496K
  class space    used 12025K, committed 12352K, reserved 1048576K
}
Event: 9.164 GC heap after
{Heap after GC invocations=32 (full 0):
 garbage-first heap   total 167936K, used 96540K [0x0000000080000000, 0x0000000100000000)
  region size 1024K, 7 young (7168K), 7 survivors (7168K)
 Metaspace       used 87474K, committed 88128K, reserved 1130496K
  class space    used 12025K, committed 12352K, reserved 1048576K
}
Event: 9.284 GC heap before
{Heap before GC invocations=32 (full 0):
 garbage-first heap   total 215040K, used 134428K [0x0000000080000000, 0x0000000100000000)
  region size 1024K, 45 young (46080K), 7 survivors (7168K)
 Metaspace       used 88310K, committed 88960K, reserved 1130496K
  class space    used 12164K, committed 12480K, reserved 1048576K
}
Event: 9.290 GC heap after
{Heap after GC invocations=33 (full 0):
 garbage-first heap   total 430080K, used 104458K [0x0000000080000000, 0x0000000100000000)
  region size 1024K, 6 young (6144K), 6 survivors (6144K)
 Metaspace       used 88310K, committed 88960K, reserved 1130496K
  class space    used 12164K, committed 12480K, reserved 1048576K
}
Event: 9.824 GC heap before
{Heap before GC invocations=34 (full 0):
 garbage-first heap   total 430080K, used 325642K [0x0000000080000000, 0x0000000100000000)
  region size 1024K, 223 young (228352K), 6 survivors (6144K)
 Metaspace       used 94725K, committed 95424K, reserved 1138688K
  class space    used 13080K, committed 13440K, reserved 1048576K
}
Event: 9.848 GC heap after
{Heap after GC invocations=35 (full 0):
 garbage-first heap   total 430080K, used 146005K [0x0000000080000000, 0x0000000100000000)
  region size 1024K, 28 young (28672K), 28 survivors (28672K)
 Metaspace       used 94725K, committed 95424K, reserved 1138688K
  class space    used 13080K, committed 13440K, reserved 1048576K
}
Event: 9.849 GC heap before
{Heap before GC invocations=35 (full 0):
 garbage-first heap   total 430080K, used 147029K [0x0000000080000000, 0x0000000100000000)
  region size 1024K, 29 young (29696K), 28 survivors (28672K)
 Metaspace       used 94731K, committed 95424K, reserved 1138688K
  class space    used 13082K, committed 13440K, reserved 1048576K
}
Event: 9.863 GC heap after
{Heap after GC invocations=36 (full 0):
 garbage-first heap   total 430080K, used 150528K [0x0000000080000000, 0x0000000100000000)
  region size 1024K, 4 young (4096K), 4 survivors (4096K)
 Metaspace       used 94731K, committed 95424K, reserved 1138688K
  class space    used 13082K, committed 13440K, reserved 1048576K
}
Event: 10.024 GC heap before
{Heap before GC invocations=36 (full 0):
 garbage-first heap   total 430080K, used 292863K [0x0000000080000000, 0x0000000100000000)
  region size 1024K, 143 young (146432K), 4 survivors (4096K)
 Metaspace       used 96554K, committed 97216K, reserved 1138688K
  class space    used 13452K, committed 13760K, reserved 1048576K
}
Event: 10.039 GC heap after
{Heap after GC invocations=37 (full 0):
 garbage-first heap   total 430080K, used 172544K [0x0000000080000000, 0x0000000100000000)
  region size 1024K, 18 young (18432K), 18 survivors (18432K)
 Metaspace       used 96554K, committed 97216K, reserved 1138688K
  class space    used 13452K, committed 13760K, reserved 1048576K
}
Event: 10.201 GC heap before
{Heap before GC invocations=37 (full 0):
 garbage-first heap   total 430080K, used 308736K [0x0000000080000000, 0x0000000100000000)
  region size 1024K, 151 young (154624K), 18 survivors (18432K)
 Metaspace       used 97932K, committed 98624K, reserved 1138688K
  class space    used 13691K, committed 14016K, reserved 1048576K
}
Event: 10.223 GC heap after
{Heap after GC invocations=38 (full 0):
 garbage-first heap   total 430080K, used 194810K [0x0000000080000000, 0x0000000100000000)
  region size 1024K, 19 young (19456K), 19 survivors (19456K)
 Metaspace       used 97932K, committed 98624K, reserved 1138688K
  class space    used 13691K, committed 14016K, reserved 1048576K
}
Event: 10.535 GC heap before
{Heap before GC invocations=38 (full 0):
 garbage-first heap   total 430080K, used 322810K [0x0000000080000000, 0x0000000100000000)
  region size 1024K, 144 young (147456K), 19 survivors (19456K)
 Metaspace       used 100976K, committed 101696K, reserved 1138688K
  class space    used 14231K, committed 14592K, reserved 1048576K
}

