# JRE version: OpenJDK Runtime Environment (17.0.6) (build 17.0.6+0-b2043.56-10027231)
# Java VM: OpenJDK 64-Bit Server VM (17.0.6+0-b2043.56-10027231, mixed mode, tiered, compressed oops, compressed class ptrs, g1 gc, windows-amd64)
GC Precious Log:
 CPUs: 8 total, 8 available
 Memory: 16251M
 Large Page Support: Disabled
 NUMA Support: Disabled
 Compressed Oops: Enabled (32-bit)
 Heap Region Size: 1M
 Heap Min Capacity: 8M
 Heap Initial Capacity: 254M
 Heap Max Capacity: 2G
 Pre-touch: Disabled
 Parallel Workers: 8
 Concurrent Workers: 2
 Concurrent Refinement Workers: 8
 Periodic GC: Disabled
Heap:
 garbage-first heap   total 71680K, used 28133K [0x0000000080000000, 0x0000000100000000)
  region size 1024K, 9 young (9216K), 4 survivors (4096K)
 Metaspace       used 38220K, committed 38592K, reserved 1089536K
  class space    used 5130K, committed 5312K, reserved 1048576K
GC Heap History (14 events):
Event: 0.608 GC heap before
{Heap before GC invocations=0 (full 0):
 garbage-first heap   total 260096K, used 26624K [0x0000000080000000, 0x0000000100000000)
  region size 1024K, 23 young (23552K), 0 survivors (0K)
 Metaspace       used 10273K, committed 10432K, reserved 1064960K
  class space    used 1061K, committed 1152K, reserved 1048576K
}
Event: 0.610 GC heap after
{Heap after GC invocations=1 (full 0):
 garbage-first heap   total 260096K, used 10261K [0x0000000080000000, 0x0000000100000000)
  region size 1024K, 3 young (3072K), 3 survivors (3072K)
 Metaspace       used 10273K, committed 10432K, reserved 1064960K
  class space    used 1061K, committed 1152K, reserved 1048576K
}
Event: 1.013 GC heap before
{Heap before GC invocations=1 (full 0):
 garbage-first heap   total 260096K, used 38933K [0x0000000080000000, 0x0000000100000000)
  region size 1024K, 30 young (30720K), 3 survivors (3072K)
 Metaspace       used 11219K, committed 11456K, reserved 1064960K
  class space    used 1164K, committed 1280K, reserved 1048576K
}
Event: 1.015 GC heap after
{Heap after GC invocations=2 (full 0):
 garbage-first heap   total 260096K, used 12962K [0x0000000080000000, 0x0000000100000000)
  region size 1024K, 3 young (3072K), 3 survivors (3072K)
 Metaspace       used 11219K, committed 11456K, reserved 1064960K
  class space    used 1164K, committed 1280K, reserved 1048576K
}
Event: 1.861 GC heap before
{Heap before GC invocations=2 (full 0):
 garbage-first heap   total 260096K, used 52898K [0x0000000080000000, 0x0000000100000000)
  region size 1024K, 43 young (44032K), 3 survivors (3072K)
 Metaspace       used 21261K, committed 21504K, reserved 1073152K
  class space    used 2589K, committed 2752K, reserved 1048576K
}
Event: 1.865 GC heap after
{Heap after GC invocations=3 (full 0):
 garbage-first heap   total 260096K, used 18693K [0x0000000080000000, 0x0000000100000000)
  region size 1024K, 9 young (9216K), 9 survivors (9216K)
 Metaspace       used 21261K, committed 21504K, reserved 1073152K
  class space    used 2589K, committed 2752K, reserved 1048576K
}
Event: 2.311 GC heap before
{Heap before GC invocations=4 (full 0):
 garbage-first heap   total 71680K, used 52485K [0x0000000080000000, 0x0000000100000000)
  region size 1024K, 42 young (43008K), 9 survivors (9216K)
 Metaspace       used 26489K, committed 26816K, reserved 1073152K
  class space    used 3497K, committed 3648K, reserved 1048576K
}
Event: 2.316 GC heap after
{Heap after GC invocations=5 (full 0):
 garbage-first heap   total 71680K, used 20705K [0x0000000080000000, 0x0000000100000000)
  region size 1024K, 3 young (3072K), 3 survivors (3072K)
 Metaspace       used 26489K, committed 26816K, reserved 1073152K
  class space    used 3497K, committed 3648K, reserved 1048576K
}
Event: 2.334 GC heap before
{Heap before GC invocations=5 (full 0):
 garbage-first heap   total 71680K, used 21729K [0x0000000080000000, 0x0000000100000000)
  region size 1024K, 4 young (4096K), 3 survivors (3072K)
 Metaspace       used 26693K, committed 26944K, reserved 1073152K
  class space    used 3523K, committed 3648K, reserved 1048576K
}
Event: 2.336 GC heap after
{Heap after GC invocations=6 (full 0):
 garbage-first heap   total 71680K, used 20642K [0x0000000080000000, 0x0000000100000000)
  region size 1024K, 1 young (1024K), 1 survivors (1024K)
 Metaspace       used 26693K, committed 26944K, reserved 1073152K
  class space    used 3523K, committed 3648K, reserved 1048576K
}
Event: 2.740 GC heap before
{Heap before GC invocations=6 (full 0):
 garbage-first heap   total 71680K, used 49314K [0x0000000080000000, 0x0000000100000000)
  region size 1024K, 29 young (29696K), 1 survivors (1024K)
 Metaspace       used 30964K, committed 31296K, reserved 1081344K
  class space    used 4227K, committed 4352K, reserved 1048576K
}
Event: 2.742 GC heap after
{Heap after GC invocations=7 (full 0):
 garbage-first heap   total 71680K, used 21951K [0x0000000080000000, 0x0000000100000000)
  region size 1024K, 2 young (2048K), 2 survivors (2048K)
 Metaspace       used 30964K, committed 31296K, reserved 1081344K
  class space    used 4227K, committed 4352K, reserved 1048576K
}
Event: 3.111 GC heap before
{Heap before GC invocations=7 (full 0):
 garbage-first heap   total 71680K, used 47551K [0x0000000080000000, 0x0000000100000000)
  region size 1024K, 28 young (28672K), 2 survivors (2048K)
 Metaspace       used 35803K, committed 36096K, reserved 1081344K
  class space    used 4905K, committed 5056K, reserved 1048576K
}
Event: 3.113 GC heap after
{Heap after GC invocations=8 (full 0):
 garbage-first heap   total 71680K, used 24037K [0x0000000080000000, 0x0000000100000000)
  region size 1024K, 4 young (4096K), 4 survivors (4096K)
 Metaspace       used 35803K, committed 36096K, reserved 1081344K
  class space    used 4905K, committed 5056K, reserved 1048576K
}

